{"D:\\RMgX\\superwings\\Assignment4\\Assignment4Typscript\\src\\TaxiFare.ts": {"path":"D:\\RMgX\\superwings\\Assignment4\\Assignment4Typscript\\src\\TaxiFare.ts","statementMap":{"0":{"start":{"line":1,"column":0},"end":{"line":1,"column":13}},"1":{"start":{"line":3,"column":4},"end":{"line":3,"column":27}},"2":{"start":{"line":4,"column":4},"end":{"line":4,"column":38}},"3":{"start":{"line":6,"column":4},"end":{"line":18,"column":null}},"4":{"start":{"line":7,"column":8},"end":{"line":17,"column":null}},"5":{"start":{"line":8,"column":12},"end":{"line":8,"column":22}},"6":{"start":{"line":9,"column":15},"end":{"line":17,"column":null}},"7":{"start":{"line":10,"column":12},"end":{"line":10,"column":null}},"8":{"start":{"line":11,"column":14},"end":{"line":17,"column":null}},"9":{"start":{"line":12,"column":12},"end":{"line":12,"column":null}},"10":{"start":{"line":13,"column":14},"end":{"line":17,"column":null}},"11":{"start":{"line":14,"column":12},"end":{"line":14,"column":null}},"12":{"start":{"line":16,"column":12},"end":{"line":16,"column":null}},"13":{"start":{"line":19,"column":0},"end":{"line":19,"column":null}},"14":{"start":{"line":1,"column":13},"end":{"line":1,"column":21}}},"fnMap":{"0":{"name":"(anonymous_0)","decl":{"start":{"line":1,"column":0},"end":{"line":1,"column":13}},"loc":{"start":{"line":1,"column":0},"end":{"line":19,"column":null}}},"1":{"name":"(anonymous_2)","decl":{"start":{"line":6,"column":4},"end":{"line":6,"column":11}},"loc":{"start":{"line":6,"column":28},"end":{"line":18,"column":5}}}},"branchMap":{"0":{"loc":{"start":{"line":7,"column":8},"end":{"line":17,"column":null}},"type":"if","locations":[{"start":{"line":7,"column":8},"end":{"line":17,"column":null}},{"start":{"line":9,"column":15},"end":{"line":17,"column":null}}]},"1":{"loc":{"start":{"line":7,"column":12},"end":{"line":7,"column":39}},"type":"binary-expr","locations":[{"start":{"line":7,"column":12},"end":{"line":7,"column":26}},{"start":{"line":7,"column":28},"end":{"line":7,"column":39}}]},"2":{"loc":{"start":{"line":9,"column":15},"end":{"line":17,"column":null}},"type":"if","locations":[{"start":{"line":9,"column":15},"end":{"line":17,"column":null}},{"start":{"line":11,"column":14},"end":{"line":17,"column":null}}]},"3":{"loc":{"start":{"line":11,"column":14},"end":{"line":17,"column":null}},"type":"if","locations":[{"start":{"line":11,"column":14},"end":{"line":17,"column":null}},{"start":{"line":13,"column":14},"end":{"line":17,"column":null}}]},"4":{"loc":{"start":{"line":13,"column":14},"end":{"line":17,"column":null}},"type":"if","locations":[{"start":{"line":13,"column":14},"end":{"line":17,"column":null}},{"start":{"line":15,"column":14},"end":{"line":17,"column":null}}]}},"s":{"0":1,"1":5,"2":5,"3":1,"4":5,"5":1,"6":4,"7":1,"8":3,"9":1,"10":2,"11":1,"12":1,"13":1,"14":1},"f":{"0":6,"1":5},"b":{"0":[1,4],"1":[5,5],"2":[1,3],"3":[1,2],"4":[1,1]}}
}
