<?xml version="1.0" encoding="UTF-8"?>
<coverage generated="1641183023612" clover="3.2.0">
  <project timestamp="1641183023613" name="All files">
    <metrics statements="28" coveredstatements="28" conditionals="5" coveredconditionals="4" methods="9" coveredmethods="9" elements="42" coveredelements="41" complexity="0" loc="28" ncloc="28" packages="1" files="4" classes="4"/>
    <file name="Even.ts" path="D:\RMgX\superwings\Assignment5\TypscriptAssignment5\src\Even.ts">
      <metrics statements="5" coveredstatements="5" conditionals="1" coveredconditionals="1" methods="2" coveredmethods="2"/>
      <line num="1" count="1" type="stmt"/>
      <line num="3" count="1" type="stmt"/>
      <line num="4" count="2" type="cond" truecount="1" falsecount="0"/>
      <line num="5" count="1" type="stmt"/>
      <line num="7" count="1" type="stmt"/>
    </file>
    <file name="LeapYear.ts" path="D:\RMgX\superwings\Assignment5\TypscriptAssignment5\src\LeapYear.ts">
      <metrics statements="9" coveredstatements="9" conditionals="3" coveredconditionals="3" methods="2" coveredmethods="2"/>
      <line num="1" count="1" type="stmt"/>
      <line num="3" count="1" type="stmt"/>
      <line num="4" count="4" type="cond" truecount="1" falsecount="0"/>
      <line num="5" count="3" type="cond" truecount="1" falsecount="0"/>
      <line num="6" count="2" type="cond" truecount="1" falsecount="0"/>
      <line num="7" count="1" type="stmt"/>
      <line num="9" count="1" type="stmt"/>
      <line num="11" count="1" type="stmt"/>
      <line num="13" count="1" type="stmt"/>
    </file>
    <file name="Median.ts" path="D:\RMgX\superwings\Assignment5\TypscriptAssignment5\src\Median.ts">
      <metrics statements="7" coveredstatements="7" conditionals="0" coveredconditionals="0" methods="3" coveredmethods="3"/>
      <line num="1" count="1" type="stmt"/>
      <line num="3" count="1" type="stmt"/>
      <line num="4" count="2" type="stmt"/>
      <line num="5" count="12" type="stmt"/>
      <line num="6" count="2" type="stmt"/>
      <line num="7" count="2" type="stmt"/>
      <line num="9" count="1" type="stmt"/>
    </file>
    <file name="Palindrome.ts" path="D:\RMgX\superwings\Assignment5\TypscriptAssignment5\src\Palindrome.ts">
      <metrics statements="7" coveredstatements="7" conditionals="1" coveredconditionals="0" methods="2" coveredmethods="2"/>
      <line num="1" count="1" type="stmt"/>
      <line num="2" count="1" type="stmt"/>
      <line num="3" count="1" type="stmt"/>
      <line num="4" count="1" type="stmt"/>
      <line num="5" count="5" type="cond" truecount="0" falsecount="1"/>
      <line num="7" count="1" type="stmt"/>
      <line num="9" count="1" type="stmt"/>
    </file>
  </project>
</coverage>
