{"D:\\RMgX\\superwings\\Assignment5\\TypscriptAssignment5\\src\\Even.ts": {"path":"D:\\RMgX\\superwings\\Assignment5\\TypscriptAssignment5\\src\\Even.ts","statementMap":{"0":{"start":{"line":1,"column":0},"end":{"line":1,"column":13}},"1":{"start":{"line":3,"column":4},"end":{"line":6,"column":null}},"2":{"start":{"line":4,"column":8},"end":{"line":4,"column":30}},"3":{"start":{"line":4,"column":21},"end":{"line":4,"column":30}},"4":{"start":{"line":5,"column":8},"end":{"line":5,"column":17}},"5":{"start":{"line":7,"column":0},"end":{"line":7,"column":null}},"6":{"start":{"line":1,"column":13},"end":{"line":1,"column":17}}},"fnMap":{"0":{"name":"(anonymous_0)","decl":{"start":{"line":1,"column":0},"end":{"line":1,"column":13}},"loc":{"start":{"line":1,"column":0},"end":{"line":7,"column":null}}},"1":{"name":"(anonymous_2)","decl":{"start":{"line":3,"column":4},"end":{"line":3,"column":21}},"loc":{"start":{"line":3,"column":33},"end":{"line":6,"column":5}}}},"branchMap":{"0":{"loc":{"start":{"line":4,"column":8},"end":{"line":4,"column":30}},"type":"if","locations":[{"start":{"line":4,"column":8},"end":{"line":4,"column":30}}]}},"s":{"0":1,"1":1,"2":2,"3":1,"4":1,"5":1,"6":1},"f":{"0":3,"1":2},"b":{"0":[1]}}
,"D:\\RMgX\\superwings\\Assignment5\\TypscriptAssignment5\\src\\LeapYear.ts": {"path":"D:\\RMgX\\superwings\\Assignment5\\TypscriptAssignment5\\src\\LeapYear.ts","statementMap":{"0":{"start":{"line":1,"column":0},"end":{"line":1,"column":13}},"1":{"start":{"line":3,"column":4},"end":{"line":12,"column":null}},"2":{"start":{"line":4,"column":8},"end":{"line":10,"column":null}},"3":{"start":{"line":5,"column":12},"end":{"line":8,"column":null}},"4":{"start":{"line":6,"column":16},"end":{"line":6,"column":43}},"5":{"start":{"line":6,"column":31},"end":{"line":6,"column":43}},"6":{"start":{"line":7,"column":16},"end":{"line":7,"column":29}},"7":{"start":{"line":9,"column":12},"end":{"line":9,"column":24}},"8":{"start":{"line":11,"column":8},"end":{"line":11,"column":21}},"9":{"start":{"line":13,"column":0},"end":{"line":13,"column":null}},"10":{"start":{"line":1,"column":13},"end":{"line":1,"column":21}}},"fnMap":{"0":{"name":"(anonymous_0)","decl":{"start":{"line":1,"column":0},"end":{"line":1,"column":13}},"loc":{"start":{"line":1,"column":0},"end":{"line":13,"column":null}}},"1":{"name":"(anonymous_2)","decl":{"start":{"line":3,"column":4},"end":{"line":3,"column":19}},"loc":{"start":{"line":3,"column":32},"end":{"line":12,"column":5}}}},"branchMap":{"0":{"loc":{"start":{"line":4,"column":8},"end":{"line":10,"column":null}},"type":"if","locations":[{"start":{"line":4,"column":8},"end":{"line":10,"column":null}}]},"1":{"loc":{"start":{"line":5,"column":12},"end":{"line":8,"column":null}},"type":"if","locations":[{"start":{"line":5,"column":12},"end":{"line":8,"column":null}}]},"2":{"loc":{"start":{"line":6,"column":16},"end":{"line":6,"column":43}},"type":"if","locations":[{"start":{"line":6,"column":16},"end":{"line":6,"column":43}}]}},"s":{"0":1,"1":1,"2":4,"3":3,"4":2,"5":1,"6":1,"7":1,"8":1,"9":1,"10":1},"f":{"0":5,"1":4},"b":{"0":[3],"1":[2],"2":[1]}}
,"D:\\RMgX\\superwings\\Assignment5\\TypscriptAssignment5\\src\\Median.ts": {"path":"D:\\RMgX\\superwings\\Assignment5\\TypscriptAssignment5\\src\\Median.ts","statementMap":{"0":{"start":{"line":1,"column":0},"end":{"line":1,"column":13}},"1":{"start":{"line":3,"column":4},"end":{"line":8,"column":null}},"2":{"start":{"line":4,"column":18},"end":{"line":4,"column":35}},"3":{"start":{"line":5,"column":36},"end":{"line":5,"column":71}},"4":{"start":{"line":5,"column":63},"end":{"line":5,"column":71}},"5":{"start":{"line":6,"column":23},"end":{"line":6,"column":40}},"6":{"start":{"line":7,"column":8},"end":{"line":7,"column":39}},"7":{"start":{"line":9,"column":0},"end":{"line":9,"column":null}},"8":{"start":{"line":1,"column":13},"end":{"line":1,"column":19}}},"fnMap":{"0":{"name":"(anonymous_0)","decl":{"start":{"line":1,"column":0},"end":{"line":1,"column":13}},"loc":{"start":{"line":1,"column":0},"end":{"line":9,"column":null}}},"1":{"name":"(anonymous_2)","decl":{"start":{"line":3,"column":4},"end":{"line":3,"column":16}},"loc":{"start":{"line":3,"column":37},"end":{"line":8,"column":5}}},"2":{"name":"(anonymous_3)","decl":{"start":{"line":5,"column":52},"end":{"line":5,"column":53}},"loc":{"start":{"line":5,"column":58},"end":{"line":5,"column":65}}}},"branchMap":{},"s":{"0":1,"1":1,"2":2,"3":2,"4":12,"5":2,"6":2,"7":1,"8":1},"f":{"0":3,"1":2,"2":12},"b":{}}
,"D:\\RMgX\\superwings\\Assignment5\\TypscriptAssignment5\\src\\Palindrome.ts": {"path":"D:\\RMgX\\superwings\\Assignment5\\TypscriptAssignment5\\src\\Palindrome.ts","statementMap":{"0":{"start":{"line":1,"column":0},"end":{"line":1,"column":13}},"1":{"start":{"line":2,"column":4},"end":{"line":8,"column":null}},"2":{"start":{"line":3,"column":29},"end":{"line":3,"column":44}},"3":{"start":{"line":4,"column":8},"end":{"line":6,"column":null}},"4":{"start":{"line":4,"column":19},"end":{"line":4,"column":20}},"5":{"start":{"line":5,"column":12},"end":{"line":5,"column":95}},"6":{"start":{"line":5,"column":82},"end":{"line":5,"column":95}},"7":{"start":{"line":7,"column":8},"end":{"line":7,"column":20}},"8":{"start":{"line":9,"column":0},"end":{"line":9,"column":null}},"9":{"start":{"line":1,"column":13},"end":{"line":1,"column":23}}},"fnMap":{"0":{"name":"(anonymous_0)","decl":{"start":{"line":1,"column":0},"end":{"line":1,"column":13}},"loc":{"start":{"line":1,"column":0},"end":{"line":9,"column":null}}},"1":{"name":"(anonymous_2)","decl":{"start":{"line":2,"column":4},"end":{"line":2,"column":21}},"loc":{"start":{"line":2,"column":35},"end":{"line":8,"column":5}}}},"branchMap":{"0":{"loc":{"start":{"line":5,"column":12},"end":{"line":5,"column":95}},"type":"if","locations":[{"start":{"line":5,"column":12},"end":{"line":5,"column":95}}]}},"s":{"0":1,"1":1,"2":1,"3":1,"4":1,"5":5,"6":0,"7":1,"8":1,"9":1},"f":{"0":2,"1":1},"b":{"0":[0]}}
}
