TN:
SF:src\Even.ts
FN:1,(anonymous_0)
FN:3,(anonymous_2)
FNF:2
FNH:2
FNDA:3,(anonymous_0)
FNDA:2,(anonymous_2)
DA:1,1
DA:3,1
DA:4,2
DA:5,1
DA:7,1
LF:5
LH:5
BRDA:4,0,0,1
BRF:1
BRH:1
end_of_record
TN:
SF:src\LeapYear.ts
FN:1,(anonymous_0)
FN:3,(anonymous_2)
FNF:2
FNH:2
FNDA:5,(anonymous_0)
FNDA:4,(anonymous_2)
DA:1,1
DA:3,1
DA:4,4
DA:5,3
DA:6,2
DA:7,1
DA:9,1
DA:11,1
DA:13,1
LF:9
LH:9
BRDA:4,0,0,3
BRDA:5,1,0,2
BRDA:6,2,0,1
BRF:3
BRH:3
end_of_record
TN:
SF:src\Median.ts
FN:1,(anonymous_0)
FN:3,(anonymous_2)
FN:5,(anonymous_3)
FNF:3
FNH:3
FNDA:3,(anonymous_0)
FNDA:2,(anonymous_2)
FNDA:12,(anonymous_3)
DA:1,1
DA:3,1
DA:4,2
DA:5,12
DA:6,2
DA:7,2
DA:9,1
LF:7
LH:7
BRF:0
BRH:0
end_of_record
TN:
SF:src\Palindrome.ts
FN:1,(anonymous_0)
FN:2,(anonymous_2)
FNF:2
FNH:2
FNDA:2,(anonymous_0)
FNDA:1,(anonymous_2)
DA:1,1
DA:2,1
DA:3,1
DA:4,1
DA:5,5
DA:7,1
DA:9,1
LF:7
LH:7
BRDA:5,0,0,0
BRF:1
BRH:0
end_of_record
